<?xml version="1.0" encoding="UTF-8"?>
<!-- Generated by org.testng.reporters.JUnitXMLReporter -->
<testsuite ignored="2" hostname="LAPTOP-38MEE7AV" failures="0" tests="3" name="GRP-Functional" time="0.058" errors="0" timestamp="2023-03-02T11:26:39 IST">
  <testcase classname="testng.Script_01" name="aTest" time="0.01"/>
  <testcase classname="testng.Script_01" name="cTest" time="0.001"/>
  <testcase classname="testng.Script_01" name="dTest" time="0.002">
    <skipped/>
  </testcase> <!-- dTest -->
  <testcase classname="testng.Script_01" name="bTest" time="0.0">
    <ignored/>
  </testcase> <!-- bTest -->
  <testcase classname="testng.Script_01" name="eTest" time="0.0">
    <ignored/>
  </testcase> <!-- eTest -->
</testsuite> <!-- GRP-Functional -->
